<?xml version="1.0" encoding="UTF-8"?>
<!-- Generated by org.testng.reporters.JUnitReportReporter -->
<testsuite hostname="DESKTOP-JU827HG" name="MyMavenProject.MyMavenProjectPractice.JenkinsTestChromeLanuch" tests="1" failures="0" timestamp="18 Feb 2018 14:08:17 GMT" time="13.292" errors="0">
  <testcase name="verifyTitle" time="13.292" classname="MyMavenProject.MyMavenProjectPractice.JenkinsTestChromeLanuch"/>
</testsuite> <!-- MyMavenProject.MyMavenProjectPractice.JenkinsTestChromeLanuch -->
